0 info it worked if it ends with ok
1 verbose cli [ 'e:\\nodejs\\node.exe',
1 verbose cli   'e:\\nodejs\\node_modules\\npm\\bin\\npm-cli.js',
1 verbose cli   'install',
1 verbose cli   'nodemon',
1 verbose cli   '-g' ]
2 info using npm@1.3.15
3 info using node@v0.11.9
4 verbose cache add [ 'nodemon', null ]
5 verbose cache add name=undefined spec="nodemon" args=["nodemon",null]
6 verbose parsed url { protocol: null,
6 verbose parsed url   slashes: null,
6 verbose parsed url   auth: null,
6 verbose parsed url   host: null,
6 verbose parsed url   port: null,
6 verbose parsed url   hostname: null,
6 verbose parsed url   hash: null,
6 verbose parsed url   search: null,
6 verbose parsed url   query: null,
6 verbose parsed url   pathname: 'nodemon',
6 verbose parsed url   path: 'nodemon',
6 verbose parsed url   href: 'nodemon' }
7 silly lockFile 1625b929-nodemon nodemon
8 verbose lock nodemon C:\Users\nagraj_sunkeri\AppData\Roaming\npm-cache\1625b929-nodemon.lock
9 silly lockFile 1625b929-nodemon nodemon
10 silly lockFile 1625b929-nodemon nodemon
11 verbose addNamed [ 'nodemon', '' ]
12 verbose addNamed [ null, '*' ]
13 silly lockFile 4f5e51c6-nodemon nodemon@
14 verbose lock nodemon@ C:\Users\nagraj_sunkeri\AppData\Roaming\npm-cache\4f5e51c6-nodemon.lock
15 silly addNameRange { name: 'nodemon', range: '*', hasData: false }
16 verbose url raw nodemon
17 verbose url resolving [ 'http://registry.npmjs.org/', './nodemon' ]
18 verbose url resolved http://registry.npmjs.org/nodemon
19 info trying registry request attempt 1 at 11:54:51
20 verbose etag "DGBEECSKDJ05MQWQOVWS4ISSK"
21 http GET http://registry.npmjs.org/nodemon
22 http 200 http://registry.npmjs.org/nodemon
23 silly registry.get cb [ 200,
23 silly registry.get   { server: 'CouchDB/1.5.0 (Erlang OTP/R16B03)',
23 silly registry.get     etag: '"IUJX0OH51UFRZBQNJN47SWDK"',
23 silly registry.get     'content-type': 'application/json',
23 silly registry.get     'cache-control': 'max-age=60',
23 silly registry.get     'content-length': '141664',
23 silly registry.get     'accept-ranges': 'bytes',
23 silly registry.get     date: 'Thu, 22 Jan 2015 06:24:51 GMT',
23 silly registry.get     via: '1.1 varnish',
23 silly registry.get     age: '45',
23 silly registry.get     'x-served-by': 'cache-sn86-SIN',
23 silly registry.get     'x-cache': 'HIT',
23 silly registry.get     'x-cache-hits': '1',
23 silly registry.get     'x-timer': 'S1421907891.989098,VS0,VE0',
23 silly registry.get     vary: 'Accept',
23 silly registry.get     connection: 'close' } ]
24 silly addNameRange number 2 { name: 'nodemon', range: '*', hasData: true }
25 silly addNameRange versions [ 'nodemon',
25 silly addNameRange   [ '0.1.4',
25 silly addNameRange     '0.1.5',
25 silly addNameRange     '0.1.6',
25 silly addNameRange     '0.1.7',
25 silly addNameRange     '0.1.8',
25 silly addNameRange     '0.2.0',
25 silly addNameRange     '0.2.1',
25 silly addNameRange     '0.2.2',
25 silly addNameRange     '0.3.0',
25 silly addNameRange     '0.3.1',
25 silly addNameRange     '0.3.2',
25 silly addNameRange     '0.4.0',
25 silly addNameRange     '0.4.1',
25 silly addNameRange     '0.5.0',
25 silly addNameRange     '0.5.1',
25 silly addNameRange     '0.5.2',
25 silly addNameRange     '0.5.3',
25 silly addNameRange     '0.5.4',
25 silly addNameRange     '0.5.5',
25 silly addNameRange     '0.5.6',
25 silly addNameRange     '0.5.7',
25 silly addNameRange     '0.6.0',
25 silly addNameRange     '0.6.1',
25 silly addNameRange     '0.6.2',
25 silly addNameRange     '0.6.3',
25 silly addNameRange     '0.6.4',
25 silly addNameRange     '0.6.5',
25 silly addNameRange     '0.6.6',
25 silly addNameRange     '0.6.7',
25 silly addNameRange     '0.6.8',
25 silly addNameRange     '0.6.9',
25 silly addNameRange     '0.6.10',
25 silly addNameRange     '0.6.11',
25 silly addNameRange     '0.6.12',
25 silly addNameRange     '0.6.13',
25 silly addNameRange     '0.6.14',
25 silly addNameRange     '0.6.15',
25 silly addNameRange     '0.6.16',
25 silly addNameRange     '0.6.17',
25 silly addNameRange     '0.6.18',
25 silly addNameRange     '0.6.19',
25 silly addNameRange     '0.6.20',
25 silly addNameRange     '0.6.21',
25 silly addNameRange     '0.6.22',
25 silly addNameRange     '0.6.23',
25 silly addNameRange     '0.7.0',
25 silly addNameRange     '0.7.1',
25 silly addNameRange     '0.7.2',
25 silly addNameRange     '0.7.3',
25 silly addNameRange     '0.7.4',
25 silly addNameRange     '0.7.5',
25 silly addNameRange     '0.7.6',
25 silly addNameRange     '0.7.7',
25 silly addNameRange     '0.7.8',
25 silly addNameRange     '0.7.10',
25 silly addNameRange     '0.9.0',
25 silly addNameRange     '0.9.1',
25 silly addNameRange     '0.9.2',
25 silly addNameRange     '0.9.3',
25 silly addNameRange     '0.9.5',
25 silly addNameRange     '0.9.6',
25 silly addNameRange     '0.9.7',
25 silly addNameRange     '0.9.10',
25 silly addNameRange     '0.9.11',
25 silly addNameRange     '0.9.12',
25 silly addNameRange     '0.9.14',
25 silly addNameRange     '0.9.16',
25 silly addNameRange     '0.9.17',
25 silly addNameRange     '1.0.0',
25 silly addNameRange     '1.0.1',
25 silly addNameRange     '1.0.2',
25 silly addNameRange     '1.0.2-rc',
25 silly addNameRange     '0.6.10-a',
25 silly addNameRange     '1.0.2-rc3',
25 silly addNameRange     '1.0.2-rc4',
25 silly addNameRange     '1.0.3',
25 silly addNameRange     '1.0.4',
25 silly addNameRange     '1.0.5',
25 silly addNameRange     '1.0.6',
25 silly addNameRange     '1.0.7',
25 silly addNameRange     '1.0.8',
25 silly addNameRange     '1.0.9',
25 silly addNameRange     '1.0.10',
25 silly addNameRange     '1.0.11',
25 silly addNameRange     '1.0.12',
25 silly addNameRange     '1.0.13',
25 silly addNameRange     '1.0.14',
25 silly addNameRange     '1.0.15',
25 silly addNameRange     '1.0.16',
25 silly addNameRange     '1.0.17-rc1',
25 silly addNameRange     '1.0.17-rc2',
25 silly addNameRange     '1.0.17',
25 silly addNameRange     '1.0.18',
25 silly addNameRange     '1.0.19',
25 silly addNameRange     '1.0.20',
25 silly addNameRange     '1.1.0-alpha',
25 silly addNameRange     '1.1.0',
25 silly addNameRange     '1.1.1',
25 silly addNameRange     '1.2.0',
25 silly addNameRange     '1.2.1',
25 silly addNameRange     '1.3.0-0',
25 silly addNameRange     '1.3.0-1',
25 silly addNameRange     '1.3.0-2',
25 silly addNameRange     '1.3.0-3',
25 silly addNameRange     '1.3.0-4',
25 silly addNameRange     '1.3.0-5',
25 silly addNameRange     '1.3.0-6',
25 silly addNameRange     '1.3.0-7',
25 silly addNameRange     '1.3.0',
25 silly addNameRange     '1.3.1',
25 silly addNameRange     '1.3.2' ] ]
26 verbose addNamed [ 'nodemon', '1.3.2' ]
27 verbose addNamed [ '1.3.2', '1.3.2' ]
28 silly lockFile eb9c1afd-nodemon-1-3-2 nodemon@1.3.2
29 verbose lock nodemon@1.3.2 C:\Users\nagraj_sunkeri\AppData\Roaming\npm-cache\eb9c1afd-nodemon-1-3-2.lock
30 silly lockFile d730d792-js-org-nodemon-nodemon-1-3-2-tgz http://registry.npmjs.org/nodemon/-/nodemon-1.3.2.tgz
31 verbose lock http://registry.npmjs.org/nodemon/-/nodemon-1.3.2.tgz C:\Users\nagraj_sunkeri\AppData\Roaming\npm-cache\d730d792-js-org-nodemon-nodemon-1-3-2-tgz.lock
32 verbose addRemoteTarball [ 'http://registry.npmjs.org/nodemon/-/nodemon-1.3.2.tgz',
32 verbose addRemoteTarball   '9d54b0731bb2ce213169ebffd5bed9ea988ae9d8' ]
33 info retry fetch attempt 1 at 11:54:52
34 verbose fetch to= c:\Users\NAGRAJ~1\AppData\Local\Temp\npm-4928-43nUyl92\1421907892595-0.5008123575244099\tmp.tgz
35 http GET http://registry.npmjs.org/nodemon/-/nodemon-1.3.2.tgz
36 http 403 http://registry.npmjs.org/nodemon/-/nodemon-1.3.2.tgz
37 error fetch failed http://registry.npmjs.org/nodemon/-/nodemon-1.3.2.tgz
38 silly lockFile d730d792-js-org-nodemon-nodemon-1-3-2-tgz http://registry.npmjs.org/nodemon/-/nodemon-1.3.2.tgz
39 silly lockFile d730d792-js-org-nodemon-nodemon-1-3-2-tgz http://registry.npmjs.org/nodemon/-/nodemon-1.3.2.tgz
40 silly lockFile eb9c1afd-nodemon-1-3-2 nodemon@1.3.2
41 silly lockFile eb9c1afd-nodemon-1-3-2 nodemon@1.3.2
42 silly lockFile 4f5e51c6-nodemon nodemon@
43 silly lockFile 4f5e51c6-nodemon nodemon@
44 error Error: 403 Forbidden
44 error     at WriteStream.<anonymous> (e:\nodejs\node_modules\npm\lib\utils\fetch.js:57:12)
44 error     at WriteStream.EventEmitter.emit (events.js:120:20)
44 error     at fs.js:1569:14
44 error     at e:\nodejs\node_modules\npm\node_modules\graceful-fs\graceful-fs.js:103:5
44 error     at Object.oncomplete (fs.js:97:15)
45 error If you need help, you may report this log at:
45 error     <http://github.com/isaacs/npm/issues>
45 error or email it to:
45 error     <npm-@googlegroups.com>
46 error System Windows_NT 6.1.7601
47 error command "e:\\nodejs\\node.exe" "e:\\nodejs\\node_modules\\npm\\bin\\npm-cli.js" "install" "nodemon" "-g"
48 error cwd e:\angularWorkspace\nagrajper\SPAPP\server
49 error node -v v0.11.9
50 error npm -v 1.3.15
51 verbose exit [ 1, true ]
